  default.cpp
C:\devC++\day02\functions\default.cpp(4): error C2548: 'printValue': 매개 변수 3의 기본 인수가 없습니다.
  function_99dan.cpp
C:\devC++\day02\functions\function_99dan.cpp(6,12): error C2601: 'main': 지역 함수 정의가 잘못되었습니다.
C:\devC++\day02\functions\function_99dan.cpp(4): message : 이 줄에 짝이 되지 않는 '{'가 들어 있습니다.
C:\devC++\day02\functions\function_99dan.cpp(12,28): error C2601: 'printGugudan': 지역 함수 정의가 잘못되었습니다.
C:\devC++\day02\functions\function_99dan.cpp(4): message : 이 줄에 짝이 되지 않는 '{'가 들어 있습니다.
C:\devC++\day02\functions\function_99dan.cpp(12): fatal error C1075: '{': 일치하는 토큰을 찾을 수 없습니다.
  func_find.cpp
  func_find_main.cpp
  guess_number.cpp
  math_ex.cpp
  myabs.cpp
  mypow.cpp
  rand_ex.cpp
C:\devC++\day02\functions\rand_ex.cpp(8,12): warning C4244: '인수': 'time_t'에서 'unsigned int'(으)로 변환하면서 데이터가 손실될 수 있습니다.
  time_ex.cpp
C:\devC++\day02\functions\time_ex.cpp(9,14): warning C4244: '=': 'time_t'에서 'long'(으)로 변환하면서 데이터가 손실될 수 있습니다.
C:\devC++\day02\functions\time_ex.cpp(16,12): warning C4244: '=': 'time_t'에서 'long'(으)로 변환하면서 데이터가 손실될 수 있습니다.
  코드를 생성하고 있습니다...
C:\devC++\day02\functions\func_find.cpp(8): error C4716: 'findMax': 값을 반환해야 합니다.
